<?xml version="1.0" encoding="UTF-8"?>
<!-- Generated by org.testng.reporters.JUnitXMLReporter -->
<testsuite ignored="0" hostname="testinglaptop" failures="0" tests="4" name="Test" time="0.093" errors="0" timestamp="2023-03-10T12:58:29 IST">
  <testcase classname="practice.PracticeClass1" name="main1" time="0.014"/>
  <testcase classname="practice.PracticeClass1" name="main11" time="0.002"/>
  <testcase classname="practice.PracticeClass2" name="main2" time="0.001"/>
  <testcase classname="practice.PracticeClass2" name="main21" time="0.002"/>
</testsuite> <!-- Test -->
