<?xml version="1.0" encoding="UTF-8"?>
<!-- Generated by org.testng.reporters.JUnitXMLReporter -->
<testsuite hostname="testinglaptop" ignored="0" name="Test" tests="4" failures="0" timestamp="2023-03-10T13:01:26 IST" time="0.07" errors="0">
  <testcase name="main1" time="0.011" classname="practice.PracticeClass1"/>
  <testcase name="main11" time="0.0" classname="practice.PracticeClass1"/>
  <testcase name="main2" time="0.001" classname="practice.PracticeClass2"/>
  <testcase name="main21" time="0.001" classname="practice.PracticeClass2"/>
</testsuite> <!-- Test -->
